[debug] [2021-08-03T14:57:21.568Z] ----------------------------------------------------------------------
[debug] [2021-08-03T14:57:21.570Z] Command:       C:\Program Files\nodejs\node.exe C:\Users\HARIHARA LALITA\AppData\Roaming\npm\node_modules\firebase-tools\lib\bin\firebase.js init
[debug] [2021-08-03T14:57:21.570Z] CLI Version:   9.16.0
[debug] [2021-08-03T14:57:21.570Z] Platform:      win32
[debug] [2021-08-03T14:57:21.570Z] Node Version:  v16.6.0
[debug] [2021-08-03T14:57:21.578Z] Time:          Tue Aug 03 2021 20:27:21 GMT+0530 (India Standard Time)
[debug] [2021-08-03T14:57:21.578Z] ----------------------------------------------------------------------
[debug] 
[debug] [2021-08-03T14:57:21.580Z] >>> [apiv2][query] GET https://firebase-public.firebaseio.com/cli.json [none]
[debug] [2021-08-03T14:57:21.602Z] > command requires scopes: ["email","openid","https://www.googleapis.com/auth/cloudplatformprojects.readonly","https://www.googleapis.com/auth/firebase","https://www.googleapis.com/auth/cloud-platform"]
[debug] [2021-08-03T14:57:21.602Z] > authorizing via signed-in user (santu94392@gmail.com)
[info] 
     ######## #### ########  ######## ########     ###     ######  ########
     ##        ##  ##     ## ##       ##     ##  ##   ##  ##       ##
     ######    ##  ########  ######   ########  #########  ######  ######
     ##        ##  ##    ##  ##       ##     ## ##     ##       ## ##
     ##       #### ##     ## ######## ########  ##     ##  ######  ########

You're about to initialize a Firebase project in this directory:

  C:\Users\HARIHARA LALITA\Desktop\public\public

[debug] [2021-08-03T14:57:22.651Z] <<< [apiv2][status] GET https://firebase-public.firebaseio.com/cli.json 200
[debug] [2021-08-03T14:57:22.652Z] <<< [apiv2][body] GET https://firebase-public.firebaseio.com/cli.json {"cloudBuildErrorAfter":1594252800000,"cloudBuildWarnAfter":1590019200000,"defaultNode10After":1594252800000,"minVersion":"3.0.5","node8DeploysDisabledAfter":1613390400000,"node8RuntimeDisabledAfter":1615809600000,"node8WarnAfter":1600128000000}
